########### array before sorts ###########
0	0.210000	6.610000	20.055000	6.610000	n
1	20.055000	6.610000	20.065000	21.840000	n
2	20.065000	21.840000	0.210000	21.820000	n
3	0.210000	21.820000	0.210000	6.610000	n
Tolerance=0.050000.
*Exact match for i=0 and j=1.
*i point 0.210000	6.610000	20.055000	6.610000	y
*Exact match for i=1 and j=2.
*i point 20.055000	6.610000	20.065000	21.840000	y
*Exact match for i=2 and j=3.
*i point 20.065000	21.840000	0.210000	21.820000	y
########### array after sorts ###########
0	0.210000	6.610000	20.055000	6.610000	y
1	20.055000	6.610000	20.065000	21.840000	y
2	20.065000	21.840000	0.210000	21.820000	y
3	0.210000	21.820000	0.210000	6.610000	y
***************
.BOARD_OUTLINE UNOWNED
1.6
0     0.210000     6.610000     0
0     20.055000     6.610000     0
0     20.065000     21.840000     0
0     0.210000     21.820000     0
0     0.210000     6.610000     0
